2024-09-30T06:47:14.354Z error: Error registering user: User validation failed: name: Path `name` is required.
2024-09-30T06:48:13.994Z error: Error registering user: User validation failed: name: Path `name` is required.
2024-10-02T14:16:24.878Z error: Error sending OTP: Unauthorized
2024-10-02T14:16:41.088Z error: Error sending OTP: Unauthorized
2024-10-02T14:19:54.427Z error: Error sending OTP: Unauthorized
2024-10-10T12:05:52.489Z error: Error creating traveller
2024-10-10T12:05:59.273Z error: Error creating traveller
2024-10-10T12:06:36.204Z error: Error fetching travel summaries: read ECONNRESET
2024-10-10T12:06:36.278Z error: Error fetching travel summaries: read ECONNRESET
2024-10-10T12:07:48.970Z error: Error fetching travel summaries: Cannot populate path `Destination` because it is not in your schema. Set the `strictPopulate` option to false to override.
2024-10-10T12:07:55.890Z error: Error fetching travel summaries: Cannot populate path `Destination` because it is not in your schema. Set the `strictPopulate` option to false to override.
2024-10-10T12:07:56.101Z error: Error fetching travel summaries: Cannot populate path `Destination` because it is not in your schema. Set the `strictPopulate` option to false to override.
2024-10-16T04:13:39.705Z error: Error fetching travellers: Cannot read properties of undefined (reading 'role')
2024-10-16T04:13:39.729Z error: Error fetching travellers: Cannot read properties of undefined (reading 'role')
2024-10-16T04:14:02.805Z error: Error fetching travellers: Cannot read properties of undefined (reading 'role')
2024-10-16T04:14:02.821Z error: Error fetching travellers: Cannot read properties of undefined (reading 'role')
2024-10-16T04:14:13.352Z error: Error fetching travellers: Cannot read properties of undefined (reading 'role')
2024-10-16T04:14:13.370Z error: Error fetching travellers: Cannot read properties of undefined (reading 'role')
2024-10-17T13:33:05.572Z error: Error creating traveller
2024-10-17T13:33:07.267Z error: Error creating traveller
2024-10-17T13:33:29.064Z error: Error creating traveller
2024-10-17T13:34:27.729Z error: Error creating traveller
2024-10-17T13:34:47.362Z error: Error creating traveller
2024-10-17T13:34:52.925Z error: Error creating traveller
2024-10-18T05:26:11.792Z error: Error creating traveller
2024-10-18T05:26:14.709Z error: Error creating traveller
2024-10-18T18:32:17.986Z error: Error creating traveller
2024-10-18T18:32:39.635Z error: Error creating traveller
2024-10-18T18:32:52.595Z error: Error creating traveller
2024-10-19T16:23:59.720Z error: Error creating traveller
2024-10-20T18:41:23.369Z error: Error fetching travel summaries: getaddrinfo ENOTFOUND ac-56l3hcs-shard-00-00.cw776ef.mongodb.net
2024-10-22T07:38:55.575Z error: Error fetching travel summaries: getaddrinfo ENOTFOUND ac-56l3hcs-shard-00-00.cw776ef.mongodb.net
2024-10-24T11:01:18.675Z error: Error fetching travel summaries: getaddrinfo ENOTFOUND ac-56l3hcs-shard-00-00.cw776ef.mongodb.net
2024-11-02T19:36:14.937Z error: Error creating traveller
2024-11-02T19:36:15.845Z error: Error creating traveller
2024-11-02T19:36:20.949Z error: Error creating traveller
2024-11-02T19:36:22.483Z error: Error creating traveller
2024-11-02T19:36:57.180Z error: Error creating traveller
2024-11-06T22:10:33.776Z error: Error creating traveller
2024-11-06T22:10:38.569Z error: Error creating traveller
2024-11-07T12:10:19.694Z error: Error fetching traveller
2024-11-07T12:11:20.454Z error: Error fetching traveller
2024-11-07T12:13:19.619Z error: Error fetching traveller
2024-11-07T12:16:39.517Z error: Error fetching traveller
2024-11-23T16:11:03.452Z error: Error creating traveller
